[2021-11-07 21:28:32.541] [exthost] [info] extension host started
[2021-11-07 21:28:33.020] [exthost] [info] ExtensionService#_doActivateExtension vscode.debug-auto-launch {"startup":true,"extensionId":{"value":"vscode.debug-auto-launch","_lower":"vscode.debug-auto-launch"},"activationEvent":"*"}
[2021-11-07 21:28:33.036] [exthost] [info] ExtensionService#loadCommonJSModule file:///usr/local/share/code-oss/resources/app/extensions/debug-auto-launch/dist/extension
[2021-11-07 21:28:33.146] [exthost] [info] ExtensionService#_doActivateExtension vscode.git {"startup":true,"extensionId":{"value":"vscode.github","_lower":"vscode.github"},"activationEvent":"*"}
[2021-11-07 21:28:33.148] [exthost] [info] ExtensionService#loadCommonJSModule file:///usr/local/share/code-oss/resources/app/extensions/git/dist/main
[2021-11-07 21:28:33.548] [exthost] [info] ExtensionService#_doActivateExtension ms-vscode.cpptools {"startup":true,"extensionId":{"value":"ms-vscode.cpptools","_lower":"ms-vscode.cpptools"},"activationEvent":"*"}
[2021-11-07 21:28:33.548] [exthost] [info] ExtensionService#loadCommonJSModule file:///usr/home/vaer/.vscode-oss/extensions/ms-vscode.cpptools-1.5.1/dist/main
[2021-11-07 21:28:33.930] [exthost] [info] ExtensionService#_doActivateExtension TabNine.tabnine-vscode {"startup":true,"extensionId":{"value":"TabNine.tabnine-vscode","_lower":"tabnine.tabnine-vscode"},"activationEvent":"*"}
[2021-11-07 21:28:33.931] [exthost] [info] ExtensionService#loadCommonJSModule file:///usr/home/vaer/.vscode-oss/extensions/tabnine.tabnine-vscode-3.4.33/out/extension
[2021-11-07 21:28:34.177] [exthost] [info] ExtensionService#_doActivateExtension vscodevim.vim {"startup":true,"extensionId":{"value":"vscodevim.vim","_lower":"vscodevim.vim"},"activationEvent":"*"}
[2021-11-07 21:28:34.178] [exthost] [info] ExtensionService#loadCommonJSModule file:///usr/home/vaer/.vscode-oss/extensions/vscodevim.vim-1.21.5/out/extension
[2021-11-07 21:28:34.476] [exthost] [error] Activating extension TabNine.tabnine-vscode failed due to an error:
[2021-11-07 21:28:34.476] [exthost] [error] Error: Sorry, the platform 'freebsd' is not supported by TabNine.
	at /usr/home/vaer/.vscode-oss/extensions/tabnine.tabnine-vscode-3.4.33/out/extension.js:17:13096
	at Object.4381 (/usr/home/vaer/.vscode-oss/extensions/tabnine.tabnine-vscode-3.4.33/out/extension.js:17:13181)
	at n (/usr/home/vaer/.vscode-oss/extensions/tabnine.tabnine-vscode-3.4.33/out/extension.js:17:147577)
	at Object.1713 (/usr/home/vaer/.vscode-oss/extensions/tabnine.tabnine-vscode-3.4.33/out/extension.js:17:8244)
	at n (/usr/home/vaer/.vscode-oss/extensions/tabnine.tabnine-vscode-3.4.33/out/extension.js:17:147577)
	at Object.507 (/usr/home/vaer/.vscode-oss/extensions/tabnine.tabnine-vscode-3.4.33/out/extension.js:17:10566)
	at n (/usr/home/vaer/.vscode-oss/extensions/tabnine.tabnine-vscode-3.4.33/out/extension.js:17:147577)
	at Object.5220 (/usr/home/vaer/.vscode-oss/extensions/tabnine.tabnine-vscode-3.4.33/out/extension.js:17:19073)
	at n (/usr/home/vaer/.vscode-oss/extensions/tabnine.tabnine-vscode-3.4.33/out/extension.js:17:147577)
	at Object.9342 (/usr/home/vaer/.vscode-oss/extensions/tabnine.tabnine-vscode-3.4.33/out/extension.js:17:5182)
	at n (/usr/home/vaer/.vscode-oss/extensions/tabnine.tabnine-vscode-3.4.33/out/extension.js:17:147577)
	at Object.9973 (/usr/home/vaer/.vscode-oss/extensions/tabnine.tabnine-vscode-3.4.33/out/extension.js:17:16971)
	at n (/usr/home/vaer/.vscode-oss/extensions/tabnine.tabnine-vscode-3.4.33/out/extension.js:17:147577)
	at Object.9030 (/usr/home/vaer/.vscode-oss/extensions/tabnine.tabnine-vscode-3.4.33/out/extension.js:17:51360)
	at n (/usr/home/vaer/.vscode-oss/extensions/tabnine.tabnine-vscode-3.4.33/out/extension.js:17:147577)
	at Object.8204 (/usr/home/vaer/.vscode-oss/extensions/tabnine.tabnine-vscode-3.4.33/out/extension.js:17:49667)
	at n (/usr/home/vaer/.vscode-oss/extensions/tabnine.tabnine-vscode-3.4.33/out/extension.js:17:147577)
	at /usr/home/vaer/.vscode-oss/extensions/tabnine.tabnine-vscode-3.4.33/out/extension.js:17:147868
	at /usr/home/vaer/.vscode-oss/extensions/tabnine.tabnine-vscode-3.4.33/out/extension.js:17:149653
	at Object.<anonymous> (/usr/home/vaer/.vscode-oss/extensions/tabnine.tabnine-vscode-3.4.33/out/extension.js:17:149674)
	at Module.u._compile (/usr/local/share/code-oss/resources/app/out/vs/loader.js:4:1311)
	at Object.Module._extensions..js (internal/modules/cjs/loader.js:1108:10)
	at Module.load (internal/modules/cjs/loader.js:935:32)
	at Module._load (internal/modules/cjs/loader.js:776:14)
	at Function.f._load (electron/js2c/asar_bundle.js:5:12684)
	at Function.s._load (/usr/local/share/code-oss/resources/app/out/vs/workbench/services/extensions/node/extensionHostProcess.js:106:27816)
	at Function.S._load (/usr/local/share/code-oss/resources/app/out/vs/workbench/services/extensions/node/extensionHostProcess.js:106:24532)
	at Function.a._load (/usr/local/share/code-oss/resources/app/out/vs/workbench/services/extensions/node/extensionHostProcess.js:96:58822)
	at Module.require (internal/modules/cjs/loader.js:959:19)
	at require (internal/modules/cjs/helpers.js:88:18)
	at Function.t [as __$__nodeRequire] (/usr/local/share/code-oss/resources/app/out/vs/loader.js:5:101)
	at d._loadCommonJSModule (/usr/local/share/code-oss/resources/app/out/vs/workbench/services/extensions/node/extensionHostProcess.js:106:25941)
	at d._doActivateExtension (/usr/local/share/code-oss/resources/app/out/vs/workbench/services/extensions/node/extensionHostProcess.js:92:12457)
	at d._activateExtension (/usr/local/share/code-oss/resources/app/out/vs/workbench/services/extensions/node/extensionHostProcess.js:92:11516)
	at processTicksAndRejections (internal/process/task_queues.js:93:5)
	at async Promise.all (index 3)
	at async Promise.all (index 0)
[2021-11-07 21:28:34.918] [exthost] [error] Activating extension ms-vscode.cpptools failed due to an error:
[2021-11-07 21:28:34.918] [exthost] [error] Error: Tipo de sistema operativo no esperado
    at Function.getConfigurationProvider (/usr/home/vaer/.vscode-oss/extensions/ms-vscode.cpptools-1.5.1/dist/main.js:38975:23)
    at Object.initialize (/usr/home/vaer/.vscode-oss/extensions/ms-vscode.cpptools-1.5.1/dist/main.js:39405:93)
    at /usr/home/vaer/.vscode-oss/extensions/ms-vscode.cpptools-1.5.1/dist/main.js:51159:27
    at Generator.next (<anonymous>)
    at fulfilled (/usr/home/vaer/.vscode-oss/extensions/ms-vscode.cpptools-1.5.1/dist/main.js:51093:58)
    at processTicksAndRejections (internal/process/task_queues.js:93:5)
[2021-11-07 21:28:35.012] [exthost] [info] ExtensionService#_doActivateExtension vscode.github {"startup":true,"extensionId":{"value":"vscode.github","_lower":"vscode.github"},"activationEvent":"*"}
[2021-11-07 21:28:35.012] [exthost] [info] ExtensionService#loadCommonJSModule file:///usr/local/share/code-oss/resources/app/extensions/github/dist/extension.js
[2021-11-07 21:28:35.360] [exthost] [info] ExtensionService#_doActivateExtension ms-vscode.js-debug {"startup":false,"extensionId":{"value":"ms-vscode.js-debug","_lower":"ms-vscode.js-debug"},"activationEvent":"onCommand:extension.js-debug.clearAutoAttachVariables"}
[2021-11-07 21:28:35.366] [exthost] [info] ExtensionService#loadCommonJSModule file:///usr/local/share/code-oss/resources/app/extensions/ms-vscode.js-debug/src/extension.js
[2021-11-07 21:28:36.239] [exthost] [info] ExtensionService#_doActivateExtension vscode.configuration-editing {"startup":false,"extensionId":{"value":"vscode.configuration-editing","_lower":"vscode.configuration-editing"},"activationEvent":"onLanguage:jsonc"}
[2021-11-07 21:28:36.240] [exthost] [info] ExtensionService#loadCommonJSModule file:///usr/local/share/code-oss/resources/app/extensions/configuration-editing/dist/configurationEditingMain
[2021-11-07 21:28:36.293] [exthost] [info] ExtensionService#_doActivateExtension vscode.json-language-features {"startup":false,"extensionId":{"value":"vscode.json-language-features","_lower":"vscode.json-language-features"},"activationEvent":"onLanguage:jsonc"}
[2021-11-07 21:28:36.293] [exthost] [info] ExtensionService#loadCommonJSModule file:///usr/local/share/code-oss/resources/app/extensions/json-language-features/client/dist/node/jsonClientMain
[2021-11-07 21:28:36.568] [exthost] [info] ExtensionService#_doActivateExtension vscode.typescript-language-features {"startup":false,"extensionId":{"value":"vscode.typescript-language-features","_lower":"vscode.typescript-language-features"},"activationEvent":"onLanguage:jsonc"}
[2021-11-07 21:28:36.610] [exthost] [info] ExtensionService#loadCommonJSModule file:///usr/local/share/code-oss/resources/app/extensions/typescript-language-features/dist/extension
[2021-11-07 21:28:36.857] [exthost] [info] eager extensions activated
[2021-11-07 21:28:36.887] [exthost] [info] ExtensionService#_doActivateExtension vscode.emmet {"startup":false,"extensionId":{"value":"vscode.emmet","_lower":"vscode.emmet"},"activationEvent":"onStartupFinished"}
[2021-11-07 21:28:36.889] [exthost] [info] ExtensionService#loadCommonJSModule file:///usr/local/share/code-oss/resources/app/extensions/emmet/dist/node/emmetNodeMain
[2021-11-07 21:28:36.984] [exthost] [info] ExtensionService#_doActivateExtension vscode.merge-conflict {"startup":false,"extensionId":{"value":"vscode.merge-conflict","_lower":"vscode.merge-conflict"},"activationEvent":"onStartupFinished"}
[2021-11-07 21:28:36.984] [exthost] [info] ExtensionService#loadCommonJSModule file:///usr/local/share/code-oss/resources/app/extensions/merge-conflict/dist/mergeConflictMain
[2021-11-07 21:28:37.185] [exthost] [info] ExtensionService#_doActivateExtension vscode.testing-editor-contributions {"startup":false,"extensionId":{"value":"vscode.testing-editor-contributions","_lower":"vscode.testing-editor-contributions"},"activationEvent":"onStartupFinished"}
[2021-11-07 21:28:37.185] [exthost] [info] ExtensionService#loadCommonJSModule file:///usr/local/share/code-oss/resources/app/extensions/testing-editor-contributions/dist/extension.js
[2021-11-07 21:28:56.936] [exthost] [info] extension host terminating: received terminate message from renderer
[2021-11-07 21:28:57.964] [exthost] [info] exiting with code 0
