[2021-11-13 01:03:15.516] [renderer1] [error] [uncaught exception in main]: e.setListeningForShutdown is not a function: TypeError: e.setListeningForShutdown is not a function
    at electron/js2c/browser_init.js:113:569
[2021-11-13 01:03:30.559] [renderer1] [error] ENOENT: no such file or directory, open '/usr/home/vaer/.config/Code - OSS/User/globalStorage/vscodevim.vim/.registers': Error: ENOENT: no such file or directory, open '/usr/home/vaer/.config/Code - OSS/User/globalStorage/vscodevim.vim/.registers'
[2021-11-13 01:05:59.801] [renderer1] [error] The "path" argument must be of type string. Received null: TypeError [ERR_INVALID_ARG_TYPE]: The "path" argument must be of type string. Received null
    at validateString (internal/validators.js:124:11)
    at join (path.js:1039:7)
    at FSWatcher.<anonymous> (/usr/local/share/code-oss/resources/app/extensions/git/dist/main.js:10:417510)
    at FSWatcher.emit (events.js:315:20)
    at FSEvent.FSWatcher._handle.onchange (internal/fs/watchers.js:186:12)
[2021-11-13 01:06:00.893] [renderer1] [error] The "path" argument must be of type string. Received null: TypeError [ERR_INVALID_ARG_TYPE]: The "path" argument must be of type string. Received null
    at validateString (internal/validators.js:124:11)
    at join (path.js:1039:7)
    at FSWatcher.<anonymous> (/usr/local/share/code-oss/resources/app/extensions/git/dist/main.js:10:417510)
    at FSWatcher.emit (events.js:315:20)
    at FSEvent.FSWatcher._handle.onchange (internal/fs/watchers.js:186:12)
[2021-11-13 02:45:08.588] [renderer1] [error] Error: [File Watcher (chokidar)] terminated unexpectedly and is restarted again...
[2021-11-13 02:45:08.589] [renderer1] [error] [File Watcher (chokidar)] terminated unexpectedly and is restarted again...
[2021-11-13 02:45:09.693] [renderer1] [error] Error: [File Watcher (chokidar)] terminated unexpectedly and is restarted again...
[2021-11-13 02:45:09.693] [renderer1] [error] [File Watcher (chokidar)] terminated unexpectedly and is restarted again...
[2021-11-13 02:45:10.653] [renderer1] [error] [File Watcher (chokidar)] terminated unexpectedly and is restarted again...
[2021-11-13 02:45:11.444] [renderer1] [error] Error: [File Watcher (chokidar)] terminated unexpectedly and is restarted again...
[2021-11-13 02:45:11.445] [renderer1] [error] [File Watcher (chokidar)] terminated unexpectedly and is restarted again...
[2021-11-13 02:45:12.295] [renderer1] [error] [File Watcher (chokidar)] terminated unexpectedly and is restarted again...
[2021-11-13 02:45:13.142] [renderer1] [error] Error: [File Watcher (chokidar)] terminated unexpectedly and is restarted again...
[2021-11-13 02:45:13.142] [renderer1] [error] [File Watcher (chokidar)] terminated unexpectedly and is restarted again...
[2021-11-13 02:45:13.998] [renderer1] [error] Error: [File Watcher (chokidar)] failed to start after retrying for some time, giving up. Please report this as a bug report!
[2021-11-13 02:45:14.000] [renderer1] [error] [File Watcher (chokidar)] failed to start after retrying for some time, giving up. Please report this as a bug report!
